2025-10-13 01:15:38,249 - aqt.main - INFO - installer 140207634783104 aqtinstall(aqt) v3.1.21 on Python 3.11.13 [CPython GCC 13.3.0]
2025-10-13 01:15:38,249 - aqt.helper - DEBUG - helper 140207634783104 Attempt to download checksum at https://download.qt.io/online/qtsdkrepository/linux_x64/desktop/qt6_683/qt6_683/Updates.xml.sha256
2025-10-13 01:15:39,991 - aqt.helper - DEBUG - helper 140207634783104 Attempt to download checksum at https://download.qt.io/online/qtsdkrepository/linux_x64/extensions/qtwebengine/683/x86_64/Updates.xml.sha256
2025-10-13 01:15:41,952 - aqt.archives - INFO - archives 140207634783104 Found extension qtwebengine
2025-10-13 01:15:41,952 - aqt.helper - DEBUG - helper 140207634783104 Attempt to download checksum at https://download.qt.io/online/qtsdkrepository/linux_x64/extensions/qtpdf/683/x86_64/Updates.xml.sha256
2025-10-13 01:15:43,521 - aqt.archives - INFO - archives 140207634783104 Found extension qtpdf
2025-10-13 01:15:44,023 - aqt.helper - DEBUG - helper 139902228798336 Attempt to download checksum at https://download.qt.io/online/qtsdkrepository/linux_x64/desktop/qt6_683/qt6_683/qt.qt6.683.linux_gcc_64/6.8.3-0-202503201345qtbase-Linux-RHEL_8_10-GCC-Linux-RHEL_8_10-X86_64.7z.sha256
2025-10-13 01:15:44,023 - aqt.helper - DEBUG - helper 140643510991744 Attempt to download checksum at https://download.qt.io/online/qtsdkrepository/linux_x64/desktop/qt6_683/qt6_683/qt.qt6.683.linux_gcc_64/6.8.3-0-202503201345qtsvg-Linux-RHEL_8_10-GCC-Linux-RHEL_8_10-X86_64.7z.sha256
2025-10-13 01:15:44,028 - aqt.helper - DEBUG - helper 140437494950784 Attempt to download checksum at https://download.qt.io/online/qtsdkrepository/linux_x64/desktop/qt6_683/qt6_683/qt.qt6.683.linux_gcc_64/6.8.3-0-202503201345qtdeclarative-Linux-RHEL_8_10-GCC-Linux-RHEL_8_10-X86_64.7z.sha256
2025-10-13 01:15:44,029 - aqt.helper - DEBUG - helper 140190920625024 Attempt to download checksum at https://download.qt.io/online/qtsdkrepository/linux_x64/desktop/qt6_683/qt6_683/qt.qt6.683.linux_gcc_64/6.8.3-0-202503201345qttools-Linux-RHEL_8_10-GCC-Linux-RHEL_8_10-X86_64.7z.sha256
2025-10-13 01:15:44,701 - aqt.helper - INFO - helper 139902228798336 Downloading qtbase...
2025-10-13 01:15:44,701 - aqt.installer - DEBUG - installer 139902228798336 Download URL: https://download.qt.io/online/qtsdkrepository/linux_x64/desktop/qt6_683/qt6_683/qt.qt6.683.linux_gcc_64/6.8.3-0-202503201345qtbase-Linux-RHEL_8_10-GCC-Linux-RHEL_8_10-X86_64.7z
2025-10-13 01:15:44,721 - aqt.helper - INFO - helper 140190920625024 Downloading qttools...
2025-10-13 01:15:44,722 - aqt.installer - DEBUG - installer 140190920625024 Download URL: https://download.qt.io/online/qtsdkrepository/linux_x64/desktop/qt6_683/qt6_683/qt.qt6.683.linux_gcc_64/6.8.3-0-202503201345qttools-Linux-RHEL_8_10-GCC-Linux-RHEL_8_10-X86_64.7z
2025-10-13 01:15:44,727 - aqt.helper - INFO - helper 140643510991744 Downloading qtsvg...
2025-10-13 01:15:44,727 - aqt.installer - DEBUG - installer 140643510991744 Download URL: https://download.qt.io/online/qtsdkrepository/linux_x64/desktop/qt6_683/qt6_683/qt.qt6.683.linux_gcc_64/6.8.3-0-202503201345qtsvg-Linux-RHEL_8_10-GCC-Linux-RHEL_8_10-X86_64.7z
2025-10-13 01:15:44,733 - aqt.helper - INFO - helper 140437494950784 Downloading qtdeclarative...
2025-10-13 01:15:44,733 - aqt.installer - DEBUG - installer 140437494950784 Download URL: https://download.qt.io/online/qtsdkrepository/linux_x64/desktop/qt6_683/qt6_683/qt.qt6.683.linux_gcc_64/6.8.3-0-202503201345qtdeclarative-Linux-RHEL_8_10-GCC-Linux-RHEL_8_10-X86_64.7z
2025-10-13 01:15:45,551 - aqt.helper - DEBUG - helper 140190920625024 Asked to redirect(302) to: https://qt.mirror.constant.com/online/qtsdkrepository/linux_x64/desktop/qt6_683/qt6_683/qt.qt6.683.linux_gcc_64/6.8.3-0-202503201345qttools-Linux-RHEL_8_10-GCC-Linux-RHEL_8_10-X86_64.7z
2025-10-13 01:15:45,552 - aqt.helper - INFO - helper 140190920625024 Redirected: qt.mirror.constant.com
2025-10-13 01:15:45,556 - aqt.helper - DEBUG - helper 140643510991744 Asked to redirect(302) to: https://qt.mirror.constant.com/online/qtsdkrepository/linux_x64/desktop/qt6_683/qt6_683/qt.qt6.683.linux_gcc_64/6.8.3-0-202503201345qtsvg-Linux-RHEL_8_10-GCC-Linux-RHEL_8_10-X86_64.7z
2025-10-13 01:15:45,556 - aqt.helper - INFO - helper 140643510991744 Redirected: qt.mirror.constant.com
2025-10-13 01:15:45,563 - aqt.helper - DEBUG - helper 139902228798336 Asked to redirect(302) to: https://qt.mirror.constant.com/online/qtsdkrepository/linux_x64/desktop/qt6_683/qt6_683/qt.qt6.683.linux_gcc_64/6.8.3-0-202503201345qtbase-Linux-RHEL_8_10-GCC-Linux-RHEL_8_10-X86_64.7z
2025-10-13 01:15:45,563 - aqt.helper - INFO - helper 139902228798336 Redirected: qt.mirror.constant.com
2025-10-13 01:15:45,615 - aqt.helper - DEBUG - helper 140437494950784 Asked to redirect(302) to: https://qt.mirror.constant.com/online/qtsdkrepository/linux_x64/desktop/qt6_683/qt6_683/qt.qt6.683.linux_gcc_64/6.8.3-0-202503201345qtdeclarative-Linux-RHEL_8_10-GCC-Linux-RHEL_8_10-X86_64.7z
2025-10-13 01:15:45,615 - aqt.helper - INFO - helper 140437494950784 Redirected: qt.mirror.constant.com
2025-10-13 01:15:46,170 - aqt.installer - INFO - installer 140643510991744 Finished installation of qtsvg-Linux-RHEL_8_10-GCC-Linux-RHEL_8_10-X86_64.7z in 2.15002651
2025-10-13 01:15:46,180 - aqt.helper - DEBUG - helper 140643510991744 Attempt to download checksum at https://download.qt.io/online/qtsdkrepository/linux_x64/desktop/qt6_683/qt6_683/qt.qt6.683.linux_gcc_64/6.8.3-0-202503201345qttranslations-Linux-RHEL_8_10-GCC-Linux-RHEL_8_10-X86_64.7z.sha256
2025-10-13 01:15:46,873 - aqt.helper - INFO - helper 140643510991744 Downloading qttranslations...
2025-10-13 01:15:46,873 - aqt.installer - DEBUG - installer 140643510991744 Download URL: https://download.qt.io/online/qtsdkrepository/linux_x64/desktop/qt6_683/qt6_683/qt.qt6.683.linux_gcc_64/6.8.3-0-202503201345qttranslations-Linux-RHEL_8_10-GCC-Linux-RHEL_8_10-X86_64.7z
2025-10-13 01:15:47,555 - aqt.helper - DEBUG - helper 140643510991744 Asked to redirect(302) to: https://qt.mirror.constant.com/online/qtsdkrepository/linux_x64/desktop/qt6_683/qt6_683/qt.qt6.683.linux_gcc_64/6.8.3-0-202503201345qttranslations-Linux-RHEL_8_10-GCC-Linux-RHEL_8_10-X86_64.7z
2025-10-13 01:15:47,555 - aqt.helper - INFO - helper 140643510991744 Redirected: qt.mirror.constant.com
2025-10-13 01:15:48,448 - aqt.installer - INFO - installer 140643510991744 Finished installation of qttranslations-Linux-RHEL_8_10-GCC-Linux-RHEL_8_10-X86_64.7z in 2.26978303
2025-10-13 01:15:48,459 - aqt.helper - DEBUG - helper 140643510991744 Attempt to download checksum at https://download.qt.io/online/qtsdkrepository/linux_x64/desktop/qt6_683/qt6_683/qt.qt6.683.linux_gcc_64/6.8.3-0-202503201345qtwayland-Linux-RHEL_8_10-GCC-Linux-RHEL_8_10-X86_64.7z.sha256
2025-10-13 01:15:49,209 - aqt.helper - INFO - helper 140643510991744 Downloading qtwayland...
2025-10-13 01:15:49,210 - aqt.installer - DEBUG - installer 140643510991744 Download URL: https://download.qt.io/online/qtsdkrepository/linux_x64/desktop/qt6_683/qt6_683/qt.qt6.683.linux_gcc_64/6.8.3-0-202503201345qtwayland-Linux-RHEL_8_10-GCC-Linux-RHEL_8_10-X86_64.7z
2025-10-13 01:15:49,749 - aqt.installer - INFO - installer 140190920625024 Finished installation of qttools-Linux-RHEL_8_10-GCC-Linux-RHEL_8_10-X86_64.7z in 5.72155087
2025-10-13 01:15:49,762 - aqt.helper - DEBUG - helper 140190920625024 Attempt to download checksum at https://download.qt.io/online/qtsdkrepository/linux_x64/desktop/qt6_683/qt6_683/qt.qt6.683.linux_gcc_64/6.8.3-0-202503201345icu-linux-Rhel8.6-x86_64.7z.sha256
2025-10-13 01:15:50,036 - aqt.helper - DEBUG - helper 140643510991744 Asked to redirect(302) to: https://qt.mirror.constant.com/online/qtsdkrepository/linux_x64/desktop/qt6_683/qt6_683/qt.qt6.683.linux_gcc_64/6.8.3-0-202503201345qtwayland-Linux-RHEL_8_10-GCC-Linux-RHEL_8_10-X86_64.7z
2025-10-13 01:15:50,036 - aqt.helper - INFO - helper 140643510991744 Redirected: qt.mirror.constant.com
2025-10-13 01:15:50,524 - aqt.helper - INFO - helper 140190920625024 Downloading icu...
2025-10-13 01:15:50,525 - aqt.installer - DEBUG - installer 140190920625024 Download URL: https://download.qt.io/online/qtsdkrepository/linux_x64/desktop/qt6_683/qt6_683/qt.qt6.683.linux_gcc_64/6.8.3-0-202503201345icu-linux-Rhel8.6-x86_64.7z
2025-10-13 01:15:50,784 - aqt.installer - INFO - installer 140643510991744 Finished installation of qtwayland-Linux-RHEL_8_10-GCC-Linux-RHEL_8_10-X86_64.7z in 2.32583159
2025-10-13 01:15:51,199 - aqt.helper - DEBUG - helper 140190920625024 Asked to redirect(302) to: https://qt.mirror.constant.com/online/qtsdkrepository/linux_x64/desktop/qt6_683/qt6_683/qt.qt6.683.linux_gcc_64/6.8.3-0-202503201345icu-linux-Rhel8.6-x86_64.7z
2025-10-13 01:15:51,199 - aqt.helper - INFO - helper 140190920625024 Redirected: qt.mirror.constant.com
2025-10-13 01:15:51,692 - aqt.installer - INFO - installer 139902228798336 Finished installation of qtbase-Linux-RHEL_8_10-GCC-Linux-RHEL_8_10-X86_64.7z in 7.67233039
2025-10-13 01:15:52,844 - aqt.installer - INFO - installer 140190920625024 Finished installation of icu-linux-Rhel8.6-x86_64.7z in 3.08392427
2025-10-13 01:16:09,069 - aqt.installer - INFO - installer 140437494950784 Finished installation of qtdeclarative-Linux-RHEL_8_10-GCC-Linux-RHEL_8_10-X86_64.7z in 25.04305199
2025-10-13 01:16:09,157 - aqt.updater - INFO - updater 140207634783104 Patching /home/runner/work/FreeCAD/Qt/6.8.3/gcc_64/bin/qmake
2025-10-13 01:16:09,161 - aqt.updater - INFO - updater 140207634783104 Patching /home/runner/work/FreeCAD/Qt/6.8.3/gcc_64/lib/pkgconfig/Qt6Sql.pc
2025-10-13 01:16:09,162 - aqt.updater - INFO - updater 140207634783104 Patching /home/runner/work/FreeCAD/Qt/6.8.3/gcc_64/lib/pkgconfig/Qt6Core.pc
2025-10-13 01:16:09,162 - aqt.updater - INFO - updater 140207634783104 Patching /home/runner/work/FreeCAD/Qt/6.8.3/gcc_64/lib/pkgconfig/Qt6SvgWidgets.pc
2025-10-13 01:16:09,162 - aqt.updater - INFO - updater 140207634783104 Patching /home/runner/work/FreeCAD/Qt/6.8.3/gcc_64/lib/pkgconfig/Qt6DBus.pc
2025-10-13 01:16:09,162 - aqt.updater - INFO - updater 140207634783104 Patching /home/runner/work/FreeCAD/Qt/6.8.3/gcc_64/lib/pkgconfig/Qt6Platform.pc
2025-10-13 01:16:09,163 - aqt.updater - INFO - updater 140207634783104 Patching /home/runner/work/FreeCAD/Qt/6.8.3/gcc_64/lib/pkgconfig/Qt6Qml.pc
2025-10-13 01:16:09,163 - aqt.updater - INFO - updater 140207634783104 Patching /home/runner/work/FreeCAD/Qt/6.8.3/gcc_64/lib/pkgconfig/Qt6UiPlugin.pc
2025-10-13 01:16:09,163 - aqt.updater - INFO - updater 140207634783104 Patching /home/runner/work/FreeCAD/Qt/6.8.3/gcc_64/lib/pkgconfig/Qt6QuickControls2UniversalStyleImpl.pc
2025-10-13 01:16:09,163 - aqt.updater - INFO - updater 140207634783104 Patching /home/runner/work/FreeCAD/Qt/6.8.3/gcc_64/lib/pkgconfig/Qt6QuickControls2BasicStyleImpl.pc
2025-10-13 01:16:09,164 - aqt.updater - INFO - updater 140207634783104 Patching /home/runner/work/FreeCAD/Qt/6.8.3/gcc_64/lib/pkgconfig/Qt6QuickControls2.pc
2025-10-13 01:16:09,164 - aqt.updater - INFO - updater 140207634783104 Patching /home/runner/work/FreeCAD/Qt/6.8.3/gcc_64/lib/pkgconfig/Qt6QuickControls2Fusion.pc
2025-10-13 01:16:09,164 - aqt.updater - INFO - updater 140207634783104 Patching /home/runner/work/FreeCAD/Qt/6.8.3/gcc_64/lib/pkgconfig/Qt6Network.pc
2025-10-13 01:16:09,164 - aqt.updater - INFO - updater 140207634783104 Patching /home/runner/work/FreeCAD/Qt/6.8.3/gcc_64/lib/pkgconfig/Qt6Help.pc
2025-10-13 01:16:09,164 - aqt.updater - INFO - updater 140207634783104 Patching /home/runner/work/FreeCAD/Qt/6.8.3/gcc_64/lib/pkgconfig/Qt6LabsWavefrontMesh.pc
2025-10-13 01:16:09,165 - aqt.updater - INFO - updater 140207634783104 Patching /home/runner/work/FreeCAD/Qt/6.8.3/gcc_64/lib/pkgconfig/Qt6QuickWidgets.pc
2025-10-13 01:16:09,165 - aqt.updater - INFO - updater 140207634783104 Patching /home/runner/work/FreeCAD/Qt/6.8.3/gcc_64/lib/pkgconfig/Qt6QuickDialogs2.pc
2025-10-13 01:16:09,165 - aqt.updater - INFO - updater 140207634783104 Patching /home/runner/work/FreeCAD/Qt/6.8.3/gcc_64/lib/pkgconfig/Qt6QuickControls2Material.pc
2025-10-13 01:16:09,165 - aqt.updater - INFO - updater 140207634783104 Patching /home/runner/work/FreeCAD/Qt/6.8.3/gcc_64/lib/pkgconfig/Qt6Xml.pc
2025-10-13 01:16:09,166 - aqt.updater - INFO - updater 140207634783104 Patching /home/runner/work/FreeCAD/Qt/6.8.3/gcc_64/lib/pkgconfig/Qt6QuickTemplates2.pc
2025-10-13 01:16:09,166 - aqt.updater - INFO - updater 140207634783104 Patching /home/runner/work/FreeCAD/Qt/6.8.3/gcc_64/lib/pkgconfig/Qt6UiTools.pc
2025-10-13 01:16:09,166 - aqt.updater - INFO - updater 140207634783104 Patching /home/runner/work/FreeCAD/Qt/6.8.3/gcc_64/lib/pkgconfig/Qt6Gui.pc
2025-10-13 01:16:09,166 - aqt.updater - INFO - updater 140207634783104 Patching /home/runner/work/FreeCAD/Qt/6.8.3/gcc_64/lib/pkgconfig/Qt6QuickControls2FluentWinUI3StyleImpl.pc
2025-10-13 01:16:09,167 - aqt.updater - INFO - updater 140207634783104 Patching /home/runner/work/FreeCAD/Qt/6.8.3/gcc_64/lib/pkgconfig/Qt6Designer.pc
2025-10-13 01:16:09,167 - aqt.updater - INFO - updater 140207634783104 Patching /home/runner/work/FreeCAD/Qt/6.8.3/gcc_64/lib/pkgconfig/Qt6QuickLayouts.pc
2025-10-13 01:16:09,167 - aqt.updater - INFO - updater 140207634783104 Patching /home/runner/work/FreeCAD/Qt/6.8.3/gcc_64/lib/pkgconfig/Qt6QmlIntegration.pc
2025-10-13 01:16:09,167 - aqt.updater - INFO - updater 140207634783104 Patching /home/runner/work/FreeCAD/Qt/6.8.3/gcc_64/lib/pkgconfig/Qt6PrintSupport.pc
2025-10-13 01:16:09,167 - aqt.updater - INFO - updater 140207634783104 Patching /home/runner/work/FreeCAD/Qt/6.8.3/gcc_64/lib/pkgconfig/Qt6LabsAnimation.pc
2025-10-13 01:16:09,168 - aqt.updater - INFO - updater 140207634783104 Patching /home/runner/work/FreeCAD/Qt/6.8.3/gcc_64/lib/pkgconfig/Qt6LabsSettings.pc
2025-10-13 01:16:09,168 - aqt.updater - INFO - updater 140207634783104 Patching /home/runner/work/FreeCAD/Qt/6.8.3/gcc_64/lib/pkgconfig/Qt6QuickControls2Universal.pc
2025-10-13 01:16:09,168 - aqt.updater - INFO - updater 140207634783104 Patching /home/runner/work/FreeCAD/Qt/6.8.3/gcc_64/lib/pkgconfig/Qt6Linguist.pc
2025-10-13 01:16:09,168 - aqt.updater - INFO - updater 140207634783104 Patching /home/runner/work/FreeCAD/Qt/6.8.3/gcc_64/lib/pkgconfig/Qt6QmlNetwork.pc
2025-10-13 01:16:09,169 - aqt.updater - INFO - updater 140207634783104 Patching /home/runner/work/FreeCAD/Qt/6.8.3/gcc_64/lib/pkgconfig/Qt6LabsFolderListModel.pc
2025-10-13 01:16:09,169 - aqt.updater - INFO - updater 140207634783104 Patching /home/runner/work/FreeCAD/Qt/6.8.3/gcc_64/lib/pkgconfig/Qt6QmlAssetDownloader.pc
2025-10-13 01:16:09,169 - aqt.updater - INFO - updater 140207634783104 Patching /home/runner/work/FreeCAD/Qt/6.8.3/gcc_64/lib/pkgconfig/Qt6QmlXmlListModel.pc
2025-10-13 01:16:09,169 - aqt.updater - INFO - updater 140207634783104 Patching /home/runner/work/FreeCAD/Qt/6.8.3/gcc_64/lib/pkgconfig/Qt6Concurrent.pc
2025-10-13 01:16:09,170 - aqt.updater - INFO - updater 140207634783104 Patching /home/runner/work/FreeCAD/Qt/6.8.3/gcc_64/lib/pkgconfig/Qt6OpenGL.pc
2025-10-13 01:16:09,170 - aqt.updater - INFO - updater 140207634783104 Patching /home/runner/work/FreeCAD/Qt/6.8.3/gcc_64/lib/pkgconfig/Qt6LabsQmlModels.pc
2025-10-13 01:16:09,170 - aqt.updater - INFO - updater 140207634783104 Patching /home/runner/work/FreeCAD/Qt/6.8.3/gcc_64/lib/pkgconfig/Qt6QuickVectorImage.pc
2025-10-13 01:16:09,170 - aqt.updater - INFO - updater 140207634783104 Patching /home/runner/work/FreeCAD/Qt/6.8.3/gcc_64/lib/pkgconfig/Qt6QuickControls2Imagine.pc
2025-10-13 01:16:09,170 - aqt.updater - INFO - updater 140207634783104 Patching /home/runner/work/FreeCAD/Qt/6.8.3/gcc_64/lib/pkgconfig/Qt6WaylandClient.pc
2025-10-13 01:16:09,171 - aqt.updater - INFO - updater 140207634783104 Patching /home/runner/work/FreeCAD/Qt/6.8.3/gcc_64/lib/pkgconfig/Qt6Svg.pc
2025-10-13 01:16:09,171 - aqt.updater - INFO - updater 140207634783104 Patching /home/runner/work/FreeCAD/Qt/6.8.3/gcc_64/lib/pkgconfig/Qt6QuickControls2MaterialStyleImpl.pc
2025-10-13 01:16:09,171 - aqt.updater - INFO - updater 140207634783104 Patching /home/runner/work/FreeCAD/Qt/6.8.3/gcc_64/lib/pkgconfig/Qt6QmlMeta.pc
2025-10-13 01:16:09,171 - aqt.updater - INFO - updater 140207634783104 Patching /home/runner/work/FreeCAD/Qt/6.8.3/gcc_64/lib/pkgconfig/Qt6Test.pc
2025-10-13 01:16:09,172 - aqt.updater - INFO - updater 140207634783104 Patching /home/runner/work/FreeCAD/Qt/6.8.3/gcc_64/lib/pkgconfig/Qt6Quick.pc
2025-10-13 01:16:09,172 - aqt.updater - INFO - updater 140207634783104 Patching /home/runner/work/FreeCAD/Qt/6.8.3/gcc_64/lib/pkgconfig/Qt6LabsPlatform.pc
2025-10-13 01:16:09,172 - aqt.updater - INFO - updater 140207634783104 Patching /home/runner/work/FreeCAD/Qt/6.8.3/gcc_64/lib/pkgconfig/Qt6QmlLocalStorage.pc
2025-10-13 01:16:09,172 - aqt.updater - INFO - updater 140207634783104 Patching /home/runner/work/FreeCAD/Qt/6.8.3/gcc_64/lib/pkgconfig/Qt6Widgets.pc
2025-10-13 01:16:09,172 - aqt.updater - INFO - updater 140207634783104 Patching /home/runner/work/FreeCAD/Qt/6.8.3/gcc_64/lib/pkgconfig/Qt6QmlCore.pc
2025-10-13 01:16:09,173 - aqt.updater - INFO - updater 140207634783104 Patching /home/runner/work/FreeCAD/Qt/6.8.3/gcc_64/lib/pkgconfig/Qt6LabsSharedImage.pc
2025-10-13 01:16:09,173 - aqt.updater - INFO - updater 140207634783104 Patching /home/runner/work/FreeCAD/Qt/6.8.3/gcc_64/lib/pkgconfig/Qt6OpenGLWidgets.pc
2025-10-13 01:16:09,173 - aqt.updater - INFO - updater 140207634783104 Patching /home/runner/work/FreeCAD/Qt/6.8.3/gcc_64/lib/pkgconfig/Qt6QuickControls2Impl.pc
2025-10-13 01:16:09,173 - aqt.updater - INFO - updater 140207634783104 Patching /home/runner/work/FreeCAD/Qt/6.8.3/gcc_64/lib/pkgconfig/Qt6QmlCompiler.pc
2025-10-13 01:16:09,174 - aqt.updater - INFO - updater 140207634783104 Patching /home/runner/work/FreeCAD/Qt/6.8.3/gcc_64/lib/pkgconfig/Qt6QuickDialogs2Utils.pc
2025-10-13 01:16:09,174 - aqt.updater - INFO - updater 140207634783104 Patching /home/runner/work/FreeCAD/Qt/6.8.3/gcc_64/lib/pkgconfig/Qt6QuickDialogs2QuickImpl.pc
2025-10-13 01:16:09,174 - aqt.updater - INFO - updater 140207634783104 Patching /home/runner/work/FreeCAD/Qt/6.8.3/gcc_64/lib/pkgconfig/Qt6QuickControls2Basic.pc
2025-10-13 01:16:09,174 - aqt.updater - INFO - updater 140207634783104 Patching /home/runner/work/FreeCAD/Qt/6.8.3/gcc_64/lib/pkgconfig/Qt6QuickControls2FusionStyleImpl.pc
2025-10-13 01:16:09,174 - aqt.updater - INFO - updater 140207634783104 Patching /home/runner/work/FreeCAD/Qt/6.8.3/gcc_64/lib/pkgconfig/Qt6QmlWorkerScript.pc
2025-10-13 01:16:09,175 - aqt.updater - INFO - updater 140207634783104 Patching /home/runner/work/FreeCAD/Qt/6.8.3/gcc_64/lib/pkgconfig/Qt6QuickTest.pc
2025-10-13 01:16:09,175 - aqt.updater - INFO - updater 140207634783104 Patching /home/runner/work/FreeCAD/Qt/6.8.3/gcc_64/lib/pkgconfig/Qt6QuickControls2ImagineStyleImpl.pc
2025-10-13 01:16:09,175 - aqt.updater - INFO - updater 140207634783104 Patching /home/runner/work/FreeCAD/Qt/6.8.3/gcc_64/lib/pkgconfig/Qt6QmlModels.pc
2025-10-13 01:16:09,176 - aqt.updater - INFO - updater 140207634783104 Patching /home/runner/work/FreeCAD/Qt/6.8.3/gcc_64/lib/libQt6Svg.prl
2025-10-13 01:16:09,176 - aqt.updater - INFO - updater 140207634783104 Patching /home/runner/work/FreeCAD/Qt/6.8.3/gcc_64/lib/libQt6OpenGL.prl
2025-10-13 01:16:09,176 - aqt.updater - INFO - updater 140207634783104 Patching /home/runner/work/FreeCAD/Qt/6.8.3/gcc_64/lib/libQt6QmlLocalStorage.prl
2025-10-13 01:16:09,177 - aqt.updater - INFO - updater 140207634783104 Patching /home/runner/work/FreeCAD/Qt/6.8.3/gcc_64/lib/libQt6QuickEffects.prl
2025-10-13 01:16:09,177 - aqt.updater - INFO - updater 140207634783104 Patching /home/runner/work/FreeCAD/Qt/6.8.3/gcc_64/lib/libQt6Gui.prl
2025-10-13 01:16:09,177 - aqt.updater - INFO - updater 140207634783104 Patching /home/runner/work/FreeCAD/Qt/6.8.3/gcc_64/lib/libQt6Network.prl
2025-10-13 01:16:09,177 - aqt.updater - INFO - updater 140207634783104 Patching /home/runner/work/FreeCAD/Qt/6.8.3/gcc_64/lib/libQt6QuickControls2FluentWinUI3StyleImpl.prl
2025-10-13 01:16:09,177 - aqt.updater - INFO - updater 140207634783104 Patching /home/runner/work/FreeCAD/Qt/6.8.3/gcc_64/lib/libQt6WaylandEglClientHwIntegration.prl
2025-10-13 01:16:09,178 - aqt.updater - INFO - updater 140207634783104 Patching /home/runner/work/FreeCAD/Qt/6.8.3/gcc_64/lib/libQt6Quick.prl
2025-10-13 01:16:09,178 - aqt.updater - INFO - updater 140207634783104 Patching /home/runner/work/FreeCAD/Qt/6.8.3/gcc_64/lib/libQt6QuickVectorImage.prl
2025-10-13 01:16:09,178 - aqt.updater - INFO - updater 140207634783104 Patching /home/runner/work/FreeCAD/Qt/6.8.3/gcc_64/lib/libQt6QuickControls2.prl
2025-10-13 01:16:09,178 - aqt.updater - INFO - updater 140207634783104 Patching /home/runner/work/FreeCAD/Qt/6.8.3/gcc_64/lib/libQt6QuickControls2BasicStyleImpl.prl
2025-10-13 01:16:09,178 - aqt.updater - INFO - updater 140207634783104 Patching /home/runner/work/FreeCAD/Qt/6.8.3/gcc_64/lib/libQt6QmlNetwork.prl
2025-10-13 01:16:09,179 - aqt.updater - INFO - updater 140207634783104 Patching /home/runner/work/FreeCAD/Qt/6.8.3/gcc_64/lib/libQt6ExampleIcons.prl
2025-10-13 01:16:09,179 - aqt.updater - INFO - updater 140207634783104 Patching /home/runner/work/FreeCAD/Qt/6.8.3/gcc_64/lib/libQt6WlShellIntegration.prl
2025-10-13 01:16:09,179 - aqt.updater - INFO - updater 140207634783104 Patching /home/runner/work/FreeCAD/Qt/6.8.3/gcc_64/lib/libQt6LabsQmlModels.prl
2025-10-13 01:16:09,179 - aqt.updater - INFO - updater 140207634783104 Patching /home/runner/work/FreeCAD/Qt/6.8.3/gcc_64/lib/libQt6QuickDialogs2.prl
2025-10-13 01:16:09,179 - aqt.updater - INFO - updater 140207634783104 Patching /home/runner/work/FreeCAD/Qt/6.8.3/gcc_64/lib/libQt6QuickVectorImageGenerator.prl
2025-10-13 01:16:09,180 - aqt.updater - INFO - updater 140207634783104 Patching /home/runner/work/FreeCAD/Qt/6.8.3/gcc_64/lib/libQt6DesignerComponents.prl
2025-10-13 01:16:09,180 - aqt.updater - INFO - updater 140207634783104 Patching /home/runner/work/FreeCAD/Qt/6.8.3/gcc_64/lib/libQt6FbSupport.prl
2025-10-13 01:16:09,180 - aqt.updater - INFO - updater 140207634783104 Patching /home/runner/work/FreeCAD/Qt/6.8.3/gcc_64/lib/libQt6SvgWidgets.prl
2025-10-13 01:16:09,180 - aqt.updater - INFO - updater 140207634783104 Patching /home/runner/work/FreeCAD/Qt/6.8.3/gcc_64/lib/libQt6QuickWidgets.prl
2025-10-13 01:16:09,180 - aqt.updater - INFO - updater 140207634783104 Patching /home/runner/work/FreeCAD/Qt/6.8.3/gcc_64/lib/libQt6QmlMeta.prl
2025-10-13 01:16:09,181 - aqt.updater - INFO - updater 140207634783104 Patching /home/runner/work/FreeCAD/Qt/6.8.3/gcc_64/lib/libQt6QmlWorkerScript.prl
2025-10-13 01:16:09,181 - aqt.updater - INFO - updater 140207634783104 Patching /home/runner/work/FreeCAD/Qt/6.8.3/gcc_64/lib/libQt6LabsFolderListModel.prl
2025-10-13 01:16:09,181 - aqt.updater - INFO - updater 140207634783104 Patching /home/runner/work/FreeCAD/Qt/6.8.3/gcc_64/lib/libQt6QuickDialogs2Utils.prl
2025-10-13 01:16:09,181 - aqt.updater - INFO - updater 140207634783104 Patching /home/runner/work/FreeCAD/Qt/6.8.3/gcc_64/lib/libQt6QuickControls2ImagineStyleImpl.prl
2025-10-13 01:16:09,181 - aqt.updater - INFO - updater 140207634783104 Patching /home/runner/work/FreeCAD/Qt/6.8.3/gcc_64/lib/libQt6QmlToolingSettings.prl
2025-10-13 01:16:09,182 - aqt.updater - INFO - updater 140207634783104 Patching /home/runner/work/FreeCAD/Qt/6.8.3/gcc_64/lib/libQt6QmlLS.prl
2025-10-13 01:16:09,182 - aqt.updater - INFO - updater 140207634783104 Patching /home/runner/work/FreeCAD/Qt/6.8.3/gcc_64/lib/libQt6QuickTest.prl
2025-10-13 01:16:09,182 - aqt.updater - INFO - updater 140207634783104 Patching /home/runner/work/FreeCAD/Qt/6.8.3/gcc_64/lib/libQt6QuickControlsTestUtils.prl
2025-10-13 01:16:09,182 - aqt.updater - INFO - updater 140207634783104 Patching /home/runner/work/FreeCAD/Qt/6.8.3/gcc_64/lib/libQt6Concurrent.prl
2025-10-13 01:16:09,183 - aqt.updater - INFO - updater 140207634783104 Patching /home/runner/work/FreeCAD/Qt/6.8.3/gcc_64/lib/libQt6KmsSupport.prl
2025-10-13 01:16:09,183 - aqt.updater - INFO - updater 140207634783104 Patching /home/runner/work/FreeCAD/Qt/6.8.3/gcc_64/lib/libQt6QuickControls2MaterialStyleImpl.prl
2025-10-13 01:16:09,183 - aqt.updater - INFO - updater 140207634783104 Patching /home/runner/work/FreeCAD/Qt/6.8.3/gcc_64/lib/libQt6Help.prl
2025-10-13 01:16:09,183 - aqt.updater - INFO - updater 140207634783104 Patching /home/runner/work/FreeCAD/Qt/6.8.3/gcc_64/lib/libQt6Xml.prl
2025-10-13 01:16:09,183 - aqt.updater - INFO - updater 140207634783104 Patching /home/runner/work/FreeCAD/Qt/6.8.3/gcc_64/lib/libQt6EglFsKmsGbmSupport.prl
2025-10-13 01:16:09,184 - aqt.updater - INFO - updater 140207634783104 Patching /home/runner/work/FreeCAD/Qt/6.8.3/gcc_64/lib/libQt6DBus.prl
2025-10-13 01:16:09,184 - aqt.updater - INFO - updater 140207634783104 Patching /home/runner/work/FreeCAD/Qt/6.8.3/gcc_64/lib/libQt6QuickDialogs2QuickImpl.prl
2025-10-13 01:16:09,184 - aqt.updater - INFO - updater 140207634783104 Patching /home/runner/work/FreeCAD/Qt/6.8.3/gcc_64/lib/libQt6EglFSDeviceIntegration.prl
2025-10-13 01:16:09,184 - aqt.updater - INFO - updater 140207634783104 Patching /home/runner/work/FreeCAD/Qt/6.8.3/gcc_64/lib/libQt6InputSupport.prl
2025-10-13 01:16:09,185 - aqt.updater - INFO - updater 140207634783104 Patching /home/runner/work/FreeCAD/Qt/6.8.3/gcc_64/lib/libQt6Widgets.prl
2025-10-13 01:16:09,185 - aqt.updater - INFO - updater 140207634783104 Patching /home/runner/work/FreeCAD/Qt/6.8.3/gcc_64/lib/libQt6Sql.prl
2025-10-13 01:16:09,185 - aqt.updater - INFO - updater 140207634783104 Patching /home/runner/work/FreeCAD/Qt/6.8.3/gcc_64/lib/libQt6QuickTestUtils.prl
2025-10-13 01:16:09,185 - aqt.updater - INFO - updater 140207634783104 Patching /home/runner/work/FreeCAD/Qt/6.8.3/gcc_64/lib/libQt6QmlModels.prl
2025-10-13 01:16:09,186 - aqt.updater - INFO - updater 140207634783104 Patching /home/runner/work/FreeCAD/Qt/6.8.3/gcc_64/lib/libQt6QuickControls2Basic.prl
2025-10-13 01:16:09,186 - aqt.updater - INFO - updater 140207634783104 Patching /home/runner/work/FreeCAD/Qt/6.8.3/gcc_64/lib/libQt6QuickTemplates2.prl
2025-10-13 01:16:09,186 - aqt.updater - INFO - updater 140207634783104 Patching /home/runner/work/FreeCAD/Qt/6.8.3/gcc_64/lib/libQt6UiTools.prl
2025-10-13 01:16:09,186 - aqt.updater - INFO - updater 140207634783104 Patching /home/runner/work/FreeCAD/Qt/6.8.3/gcc_64/lib/libQt6QmlDebug.prl
2025-10-13 01:16:09,186 - aqt.updater - INFO - updater 140207634783104 Patching /home/runner/work/FreeCAD/Qt/6.8.3/gcc_64/lib/libQt6QuickControls2Imagine.prl
2025-10-13 01:16:09,187 - aqt.updater - INFO - updater 140207634783104 Patching /home/runner/work/FreeCAD/Qt/6.8.3/gcc_64/lib/libQt6WaylandClient.prl
2025-10-13 01:16:09,187 - aqt.updater - INFO - updater 140207634783104 Patching /home/runner/work/FreeCAD/Qt/6.8.3/gcc_64/lib/libQt6PacketProtocol.prl
2025-10-13 01:16:09,187 - aqt.updater - INFO - updater 140207634783104 Patching /home/runner/work/FreeCAD/Qt/6.8.3/gcc_64/lib/libQt6OpenGLWidgets.prl
2025-10-13 01:16:09,187 - aqt.updater - INFO - updater 140207634783104 Patching /home/runner/work/FreeCAD/Qt/6.8.3/gcc_64/lib/libQt6LabsPlatform.prl
2025-10-13 01:16:09,188 - aqt.updater - INFO - updater 140207634783104 Patching /home/runner/work/FreeCAD/Qt/6.8.3/gcc_64/lib/libQt6Core.prl
2025-10-13 01:16:09,188 - aqt.updater - INFO - updater 140207634783104 Patching /home/runner/work/FreeCAD/Qt/6.8.3/gcc_64/lib/libQt6QuickControls2FusionStyleImpl.prl
2025-10-13 01:16:09,188 - aqt.updater - INFO - updater 140207634783104 Patching /home/runner/work/FreeCAD/Qt/6.8.3/gcc_64/lib/libQt6LabsSettings.prl
2025-10-13 01:16:09,188 - aqt.updater - INFO - updater 140207634783104 Patching /home/runner/work/FreeCAD/Qt/6.8.3/gcc_64/lib/libQt6QmlDom.prl
2025-10-13 01:16:09,189 - aqt.updater - INFO - updater 140207634783104 Patching /home/runner/work/FreeCAD/Qt/6.8.3/gcc_64/lib/libQt6Qml.prl
2025-10-13 01:16:09,189 - aqt.updater - INFO - updater 140207634783104 Patching /home/runner/work/FreeCAD/Qt/6.8.3/gcc_64/lib/libQt6QuickControls2UniversalStyleImpl.prl
2025-10-13 01:16:09,189 - aqt.updater - INFO - updater 140207634783104 Patching /home/runner/work/FreeCAD/Qt/6.8.3/gcc_64/lib/libQt6QuickLayouts.prl
2025-10-13 01:16:09,189 - aqt.updater - INFO - updater 140207634783104 Patching /home/runner/work/FreeCAD/Qt/6.8.3/gcc_64/lib/libQt6QuickControls2Impl.prl
2025-10-13 01:16:09,189 - aqt.updater - INFO - updater 140207634783104 Patching /home/runner/work/FreeCAD/Qt/6.8.3/gcc_64/lib/libQt6XcbQpa.prl
2025-10-13 01:16:09,190 - aqt.updater - INFO - updater 140207634783104 Patching /home/runner/work/FreeCAD/Qt/6.8.3/gcc_64/lib/libQt6QuickShapes.prl
2025-10-13 01:16:09,190 - aqt.updater - INFO - updater 140207634783104 Patching /home/runner/work/FreeCAD/Qt/6.8.3/gcc_64/lib/libQt6DeviceDiscoverySupport.prl
2025-10-13 01:16:09,190 - aqt.updater - INFO - updater 140207634783104 Patching /home/runner/work/FreeCAD/Qt/6.8.3/gcc_64/lib/libQt6QmlCompiler.prl
2025-10-13 01:16:09,190 - aqt.updater - INFO - updater 140207634783104 Patching /home/runner/work/FreeCAD/Qt/6.8.3/gcc_64/lib/libQt6QuickParticles.prl
2025-10-13 01:16:09,191 - aqt.updater - INFO - updater 140207634783104 Patching /home/runner/work/FreeCAD/Qt/6.8.3/gcc_64/lib/libQt6QuickControls2Universal.prl
2025-10-13 01:16:09,191 - aqt.updater - INFO - updater 140207634783104 Patching /home/runner/work/FreeCAD/Qt/6.8.3/gcc_64/lib/libQt6LabsWavefrontMesh.prl
2025-10-13 01:16:09,191 - aqt.updater - INFO - updater 140207634783104 Patching /home/runner/work/FreeCAD/Qt/6.8.3/gcc_64/lib/libQt6QmlXmlListModel.prl
2025-10-13 01:16:09,191 - aqt.updater - INFO - updater 140207634783104 Patching /home/runner/work/FreeCAD/Qt/6.8.3/gcc_64/lib/libQt6EglFsKmsSupport.prl
2025-10-13 01:16:09,191 - aqt.updater - INFO - updater 140207634783104 Patching /home/runner/work/FreeCAD/Qt/6.8.3/gcc_64/lib/libQt6LabsSharedImage.prl
2025-10-13 01:16:09,192 - aqt.updater - INFO - updater 140207634783104 Patching /home/runner/work/FreeCAD/Qt/6.8.3/gcc_64/lib/libQt6PrintSupport.prl
2025-10-13 01:16:09,192 - aqt.updater - INFO - updater 140207634783104 Patching /home/runner/work/FreeCAD/Qt/6.8.3/gcc_64/lib/libQt6QuickControls2Fusion.prl
2025-10-13 01:16:09,192 - aqt.updater - INFO - updater 140207634783104 Patching /home/runner/work/FreeCAD/Qt/6.8.3/gcc_64/lib/libQt6Designer.prl
2025-10-13 01:16:09,192 - aqt.updater - INFO - updater 140207634783104 Patching /home/runner/work/FreeCAD/Qt/6.8.3/gcc_64/lib/libQt6ExamplesAssetDownloader.prl
2025-10-13 01:16:09,193 - aqt.updater - INFO - updater 140207634783104 Patching /home/runner/work/FreeCAD/Qt/6.8.3/gcc_64/lib/libQt6QmlTypeRegistrar.prl
2025-10-13 01:16:09,193 - aqt.updater - INFO - updater 140207634783104 Patching /home/runner/work/FreeCAD/Qt/6.8.3/gcc_64/lib/libQt6LabsAnimation.prl
2025-10-13 01:16:09,193 - aqt.updater - INFO - updater 140207634783104 Patching /home/runner/work/FreeCAD/Qt/6.8.3/gcc_64/lib/libQt6QuickControls2Material.prl
2025-10-13 01:16:09,193 - aqt.updater - INFO - updater 140207634783104 Patching /home/runner/work/FreeCAD/Qt/6.8.3/gcc_64/lib/libQt6QmlCore.prl
2025-10-13 01:16:09,193 - aqt.updater - INFO - updater 140207634783104 Patching /home/runner/work/FreeCAD/Qt/6.8.3/gcc_64/lib/libQt6QmlAssetDownloader.prl
2025-10-13 01:16:09,194 - aqt.updater - INFO - updater 140207634783104 Patching /home/runner/work/FreeCAD/Qt/6.8.3/gcc_64/lib/libQt6Test.prl
2025-10-13 01:16:09,194 - aqt.main - INFO - installer 140207634783104 Finished installation
2025-10-13 01:16:09,194 - aqt.main - INFO - installer 140207634783104 Time elapsed: 30.94532218 second
